<?xml version="1.0" encoding="UTF-8"?>
<testng-results skipped="0" failed="0" total="1" passed="1">
  <reporter-output>
  </reporter-output>
  <suite name="com.albee.testpage.Test_login" duration-ms="37625" started-at="2016-04-26T10:40:55Z" finished-at="2016-04-26T10:41:33Z">
    <groups>
    </groups>
    <test name="Command line test" duration-ms="37625" started-at="2016-04-26T10:40:55Z" finished-at="2016-04-26T10:41:33Z">
      <class name="com.albee.testpage.Test_login">
        <test-method status="PASS" signature="Login()[pri:0, instance:com.albee.testpage.Test_login@54088e9b]" name="Login" duration-ms="37613" started-at="2016-04-26T10:40:55Z" finished-at="2016-04-26T10:41:33Z">
        </test-method> <!-- Login -->
      </class> <!-- com.albee.testpage.Test_login -->
    </test> <!-- Command line test -->
  </suite> <!-- com.albee.testpage.Test_login -->
</testng-results>
