<?xml version="1.0" encoding="UTF-8"?>
<testng-results skipped="0" failed="0" total="1" passed="1">
  <reporter-output>
  </reporter-output>
  <suite name="com.albee.testpage.Test_login" duration-ms="59608" started-at="2016-04-25T16:01:07Z" finished-at="2016-04-25T16:02:07Z">
    <groups>
    </groups>
    <test name="Command line test" duration-ms="59608" started-at="2016-04-25T16:01:07Z" finished-at="2016-04-25T16:02:07Z">
      <class name="com.albee.testpage.Test_login">
        <test-method status="PASS" signature="Login()[pri:0, instance:com.albee.testpage.Test_login@1fa4f2fd]" name="Login" duration-ms="59597" started-at="2016-04-25T16:01:07Z" finished-at="2016-04-25T16:02:07Z">
        </test-method> <!-- Login -->
      </class> <!-- com.albee.testpage.Test_login -->
    </test> <!-- Command line test -->
  </suite> <!-- com.albee.testpage.Test_login -->
</testng-results>
