<?xml version="1.0" encoding="UTF-8"?>
<testng-results skipped="0" failed="0" total="1" passed="1">
  <reporter-output>
  </reporter-output>
  <suite name="Default suite" duration-ms="265350" started-at="2016-03-23T12:13:11Z" finished-at="2016-03-23T12:17:36Z">
    <groups>
    </groups>
    <test name="Default test" duration-ms="265350" started-at="2016-03-23T12:13:11Z" finished-at="2016-03-23T12:17:36Z">
      <class name="com.albee.testpage.Test_login">
        <test-method status="PASS" signature="Login()[pri:0, instance:com.albee.testpage.Test_login@5af1c8f4]" name="Login" duration-ms="265337" started-at="2016-03-23T12:13:11Z" finished-at="2016-03-23T12:17:36Z">
        </test-method> <!-- Login -->
      </class> <!-- com.albee.testpage.Test_login -->
    </test> <!-- Default test -->
  </suite> <!-- Default suite -->
</testng-results>
